c:\users\ossihei1\desktop\projects\projektiopinnot 1 - sfml\sfml_rpg\light cable\debug\vc140.pdb
c:\users\ossihei1\desktop\projects\projektiopinnot 1 - sfml\sfml_rpg\light cable\debug\vc140.idb
c:\users\ossihei1\desktop\projects\projektiopinnot 1 - sfml\sfml_rpg\light cable\debug\character.obj
c:\users\ossihei1\desktop\projects\projektiopinnot 1 - sfml\sfml_rpg\light cable\debug\entity.obj
c:\users\ossihei1\desktop\projects\projektiopinnot 1 - sfml\sfml_rpg\light cable\debug\entitymanager.obj
c:\users\ossihei1\desktop\projects\projektiopinnot 1 - sfml\sfml_rpg\light cable\debug\gamestate.obj
c:\users\ossihei1\desktop\projects\projektiopinnot 1 - sfml\sfml_rpg\light cable\debug\mainmenu.obj
c:\users\ossihei1\desktop\projects\projektiopinnot 1 - sfml\sfml_rpg\light cable\debug\map.obj
c:\users\ossihei1\desktop\projects\projektiopinnot 1 - sfml\sfml_rpg\light cable\debug\pathfinding.obj
c:\users\ossihei1\desktop\projects\projektiopinnot 1 - sfml\sfml_rpg\light cable\debug\source.obj
c:\users\ossihei1\desktop\projects\projektiopinnot 1 - sfml\sfml_rpg\light cable\debug\thegame.obj
c:\users\ossihei1\desktop\projects\projektiopinnot 1 - sfml\sfml_rpg\debug\light cable.ilk
c:\users\ossihei1\desktop\projects\projektiopinnot 1 - sfml\sfml_rpg\debug\light cable.exe
c:\users\ossihei1\desktop\projects\projektiopinnot 1 - sfml\sfml_rpg\debug\light cable.pdb
c:\users\ossihei1\desktop\projects\projektiopinnot 1 - sfml\sfml_rpg\light cable\debug\light cable.tlog\cl.command.1.tlog
c:\users\ossihei1\desktop\projects\projektiopinnot 1 - sfml\sfml_rpg\light cable\debug\light cable.tlog\cl.read.1.tlog
c:\users\ossihei1\desktop\projects\projektiopinnot 1 - sfml\sfml_rpg\light cable\debug\light cable.tlog\cl.write.1.tlog
c:\users\ossihei1\desktop\projects\projektiopinnot 1 - sfml\sfml_rpg\light cable\debug\light cable.tlog\link.command.1.tlog
c:\users\ossihei1\desktop\projects\projektiopinnot 1 - sfml\sfml_rpg\light cable\debug\light cable.tlog\link.read.1.tlog
c:\users\ossihei1\desktop\projects\projektiopinnot 1 - sfml\sfml_rpg\light cable\debug\light cable.tlog\link.write.1.tlog
